{"/home/tiago/git/InstaluraMobile022020/resources/img/s2-checked.png": {"path":"/home/tiago/git/InstaluraMobile022020/resources/img/s2-checked.png","statementMap":{"0":{"start":{"line":1,"column":0},"end":{"line":4,"column":6}}},"fnMap":{},"branchMap":{},"s":{"0":1},"f":{},"b":{},"_coverageSchema":"43e27e138ebf9cfc5966b082cf9a028302ed4184","hash":"35b4c1ca5f9363e21b07dabab11cadc45010aa78"}
,"/home/tiago/git/InstaluraMobile022020/resources/img/s2.png": {"path":"/home/tiago/git/InstaluraMobile022020/resources/img/s2.png","statementMap":{"0":{"start":{"line":1,"column":0},"end":{"line":4,"column":6}}},"fnMap":{},"branchMap":{},"s":{"0":1},"f":{},"b":{},"_coverageSchema":"43e27e138ebf9cfc5966b082cf9a028302ed4184","hash":"8b1b4db5b0ddfcd892264189682fa50faf314fb6"}
,"/home/tiago/git/InstaluraMobile022020/resources/img/send.png": {"path":"/home/tiago/git/InstaluraMobile022020/resources/img/send.png","statementMap":{"0":{"start":{"line":1,"column":0},"end":{"line":4,"column":6}}},"fnMap":{},"branchMap":{},"s":{"0":1},"f":{},"b":{},"_coverageSchema":"43e27e138ebf9cfc5966b082cf9a028302ed4184","hash":"6846ce0c1f65ad1f8fa03e18d5012f6b97953307"}
,"/home/tiago/git/InstaluraMobile022020/src/components/InputComentario.js": {"path":"/home/tiago/git/InstaluraMobile022020/src/components/InputComentario.js","statementMap":{"0":{"start":{"line":12,"column":21},"end":{"line":15,"column":3}},"1":{"start":{"line":18,"column":4},"end":{"line":18,"column":12}},"2":{"start":{"line":19,"column":4},"end":{"line":21,"column":6}},"3":{"start":{"line":24,"column":41},"end":{"line":24,"column":51}},"4":{"start":{"line":25,"column":4},"end":{"line":49,"column":6}},"5":{"start":{"line":30,"column":25},"end":{"line":30,"column":53}},"6":{"start":{"line":31,"column":33},"end":{"line":31,"column":72}},"7":{"start":{"line":36,"column":12},"end":{"line":40,"column":14}},"8":{"start":{"line":41,"column":12},"end":{"line":41,"column":49}},"9":{"start":{"line":52,"column":15},"end":{"line":67,"column":2}}},"fnMap":{"0":{"name":"(anonymous_0)","decl":{"start":{"line":17,"column":2},"end":{"line":17,"column":3}},"loc":{"start":{"line":17,"column":16},"end":{"line":22,"column":3}},"line":17},"1":{"name":"(anonymous_1)","decl":{"start":{"line":23,"column":2},"end":{"line":23,"column":3}},"loc":{"start":{"line":23,"column":11},"end":{"line":50,"column":3}},"line":23},"2":{"name":"(anonymous_2)","decl":{"start":{"line":30,"column":15},"end":{"line":30,"column":16}},"loc":{"start":{"line":30,"column":25},"end":{"line":30,"column":53}},"line":30},"3":{"name":"(anonymous_3)","decl":{"start":{"line":31,"column":24},"end":{"line":31,"column":25}},"loc":{"start":{"line":31,"column":33},"end":{"line":31,"column":72}},"line":31},"4":{"name":"(anonymous_4)","decl":{"start":{"line":35,"column":19},"end":{"line":35,"column":20}},"loc":{"start":{"line":35,"column":25},"end":{"line":42,"column":11}},"line":35}},"branchMap":{},"s":{"0":1,"1":1,"2":1,"3":1,"4":1,"5":1,"6":0,"7":0,"8":0,"9":1},"f":{"0":1,"1":1,"2":1,"3":0,"4":0},"b":{},"_coverageSchema":"43e27e138ebf9cfc5966b082cf9a028302ed4184","hash":"6037c1da06b5fdf20689e587b432e35cc23d7e11"}
,"/home/tiago/git/InstaluraMobile022020/src/components/Likes.js": {"path":"/home/tiago/git/InstaluraMobile022020/src/components/Likes.js","statementMap":{"0":{"start":{"line":7,"column":21},"end":{"line":10,"column":3}},"1":{"start":{"line":13,"column":4},"end":{"line":15,"column":46}},"2":{"start":{"line":19,"column":4},"end":{"line":21,"column":5}},"3":{"start":{"line":20,"column":6},"end":{"line":20,"column":13}},"4":{"start":{"line":22,"column":4},"end":{"line":26,"column":6}},"5":{"start":{"line":30,"column":33},"end":{"line":30,"column":43}},"6":{"start":{"line":32,"column":4},"end":{"line":42,"column":6}},"7":{"start":{"line":34,"column":41},"end":{"line":34,"column":62}},"8":{"start":{"line":45,"column":15},"end":{"line":54,"column":2}}},"fnMap":{"0":{"name":"(anonymous_0)","decl":{"start":{"line":12,"column":2},"end":{"line":12,"column":3}},"loc":{"start":{"line":12,"column":24},"end":{"line":16,"column":3}},"line":12},"1":{"name":"(anonymous_1)","decl":{"start":{"line":18,"column":2},"end":{"line":18,"column":3}},"loc":{"start":{"line":18,"column":21},"end":{"line":27,"column":3}},"line":18},"2":{"name":"(anonymous_2)","decl":{"start":{"line":29,"column":2},"end":{"line":29,"column":3}},"loc":{"start":{"line":29,"column":11},"end":{"line":43,"column":3}},"line":29},"3":{"name":"(anonymous_3)","decl":{"start":{"line":34,"column":35},"end":{"line":34,"column":36}},"loc":{"start":{"line":34,"column":41},"end":{"line":34,"column":62}},"line":34}},"branchMap":{"0":{"loc":{"start":{"line":13,"column":11},"end":{"line":15,"column":45}},"type":"cond-expr","locations":[{"start":{"line":14,"column":8},"end":{"line":14,"column":53}},{"start":{"line":15,"column":8},"end":{"line":15,"column":45}}],"line":13},"1":{"loc":{"start":{"line":19,"column":4},"end":{"line":21,"column":5}},"type":"if","locations":[{"start":{"line":19,"column":4},"end":{"line":21,"column":5}},{"start":{"line":19,"column":4},"end":{"line":21,"column":5}}],"line":19},"2":{"loc":{"start":{"line":24,"column":25},"end":{"line":24,"column":67}},"type":"cond-expr","locations":[{"start":{"line":24,"column":45},"end":{"line":24,"column":55}},{"start":{"line":24,"column":58},"end":{"line":24,"column":67}}],"line":24}},"s":{"0":1,"1":2,"2":2,"3":2,"4":0,"5":2,"6":2,"7":0,"8":1},"f":{"0":2,"1":2,"2":2,"3":0},"b":{"0":[1,1],"1":[2,0],"2":[0,0]},"_coverageSchema":"43e27e138ebf9cfc5966b082cf9a028302ed4184","hash":"ce0b40f5142dc5d1ee22fe713ec45a13ce2ed9d3"}
,"/home/tiago/git/InstaluraMobile022020/src/types/index.js": {"path":"/home/tiago/git/InstaluraMobile022020/src/types/index.js","statementMap":{"0":{"start":{"line":3,"column":17},"end":{"line":20,"column":2}}},"fnMap":{},"branchMap":{},"s":{"0":1},"f":{},"b":{},"_coverageSchema":"43e27e138ebf9cfc5966b082cf9a028302ed4184","hash":"4b508e72a5d0dc312e1e781acbd1abb696e46e65"}
}
