TN:
SF:/home/tiago/git/InstaluraMobile022020/resources/img/s2-checked.png
FNF:0
FNH:0
DA:1,1
LF:1
LH:1
BRF:0
BRH:0
end_of_record
TN:
SF:/home/tiago/git/InstaluraMobile022020/resources/img/s2.png
FNF:0
FNH:0
DA:1,1
LF:1
LH:1
BRF:0
BRH:0
end_of_record
TN:
SF:/home/tiago/git/InstaluraMobile022020/resources/img/send.png
FNF:0
FNH:0
DA:1,1
LF:1
LH:1
BRF:0
BRH:0
end_of_record
TN:
SF:/home/tiago/git/InstaluraMobile022020/src/components/InputComentario.js
FN:17,(anonymous_0)
FN:23,(anonymous_1)
FN:30,(anonymous_2)
FN:31,(anonymous_3)
FN:35,(anonymous_4)
FNF:5
FNH:3
FNDA:1,(anonymous_0)
FNDA:1,(anonymous_1)
FNDA:1,(anonymous_2)
FNDA:0,(anonymous_3)
FNDA:0,(anonymous_4)
DA:12,1
DA:18,1
DA:19,1
DA:24,1
DA:25,1
DA:30,1
DA:31,0
DA:36,0
DA:41,0
DA:52,1
LF:10
LH:7
BRF:0
BRH:0
end_of_record
TN:
SF:/home/tiago/git/InstaluraMobile022020/src/components/Likes.js
FN:12,(anonymous_0)
FN:18,(anonymous_1)
FN:29,(anonymous_2)
FN:34,(anonymous_3)
FNF:4
FNH:3
FNDA:2,(anonymous_0)
FNDA:2,(anonymous_1)
FNDA:2,(anonymous_2)
FNDA:0,(anonymous_3)
DA:7,1
DA:13,2
DA:19,2
DA:20,2
DA:22,0
DA:30,2
DA:32,2
DA:34,0
DA:45,1
LF:9
LH:7
BRDA:13,0,0,1
BRDA:13,0,1,1
BRDA:19,1,0,2
BRDA:19,1,1,0
BRDA:24,2,0,0
BRDA:24,2,1,0
BRF:6
BRH:3
end_of_record
TN:
SF:/home/tiago/git/InstaluraMobile022020/src/types/index.js
FNF:0
FNH:0
DA:3,1
LF:1
LH:1
BRF:0
BRH:0
end_of_record
